<?xml version="1.0" encoding="UTF-8"?>
<testsuite xmlns:xsi="http://www.w3.org/2001/XMLSchema-instance" xsi:noNamespaceSchemaLocation="https://maven.apache.org/surefire/maven-surefire-plugin/xsd/surefire-test-report-3.0.xsd" version="3.0" name="com.mtgo.exam.restaurantservice.integration.MenuItemIntegrationTest" time="7.83" tests="4" errors="0" skipped="0" failures="0">
  <properties>
[...]
</properties>
  <testcase name="ReturnListOfMenuItemResponseObjects" classname="com.mtgo.exam.restaurantservice.integration.MenuItemIntegrationTest" time="0.069">
    <system-out><![CDATA[2023-12-06T10:24:05.595+01:00  INFO 27834 --- [           main] t.c.s.AnnotationConfigContextLoaderUtils : Could not detect default configuration classes for test class [com.mtgo.exam.restaurantservice.integration.MenuItemIntegrationTest]: MenuItemIntegrationTest does not declare any static, non-private, non-final, nested classes annotated with @Configuration.
2023-12-06T10:24:05.628+01:00  INFO 27834 --- [           main] .b.t.c.SpringBootTestContextBootstrapper : Found @SpringBootConfiguration com.mtgo.exam.restaurantservice.RestaurantServiceApplication for test class com.mtgo.exam.restaurantservice.integration.MenuItemIntegrationTest
2023-12-06T10:24:05.636+01:00  INFO 27834 --- [           main] tc.mongo:latest                          : Creating container for image: mongo:latest
2023-12-06T10:24:05.847+01:00  INFO 27834 --- [           main] tc.mongo:latest                          : Container mongo:latest is starting: ad3692a96a88031393b1a1aa5413d6a29d0531ccc9779c711f928bdd82ee74fa
2023-12-06T10:24:06.187+01:00  INFO 27834 --- [ntContainer#0-1] o.s.a.r.l.SimpleMessageListenerContainer : Restarting Consumer@b5390: tags=[[]], channel=null, acknowledgeMode=AUTO local queue size=0
2023-12-06T10:24:06.189+01:00  INFO 27834 --- [ntContainer#0-2] o.s.a.r.c.CachingConnectionFactory       : Attempting to connect to: [rabbitmq:5672]
2023-12-06T10:24:06.190+01:00 ERROR 27834 --- [ntContainer#0-2] o.s.a.r.l.SimpleMessageListenerContainer : Failed to check/redeclare auto-delete queue(s).
2023-12-06T10:24:06.191+01:00  INFO 27834 --- [ntContainer#0-2] o.s.a.r.c.CachingConnectionFactory       : Attempting to connect to: [rabbitmq:5672]
2023-12-06T10:24:08.261+01:00  INFO 27834 --- [           main] tc.mongo:latest                          : Container mongo:latest started in PT2.625098S
2023-12-06T10:24:11.279+01:00  INFO 27834 --- [ntContainer#0-2] o.s.a.r.l.SimpleMessageListenerContainer : Restarting Consumer@447b6bc6: tags=[[]], channel=null, acknowledgeMode=AUTO local queue size=0
2023-12-06T10:24:11.280+01:00  INFO 27834 --- [ntContainer#0-3] o.s.a.r.c.CachingConnectionFactory       : Attempting to connect to: [rabbitmq:5672]
2023-12-06T10:24:11.284+01:00 ERROR 27834 --- [ntContainer#0-3] o.s.a.r.l.SimpleMessageListenerContainer : Failed to check/redeclare auto-delete queue(s).
2023-12-06T10:24:11.284+01:00  INFO 27834 --- [ntContainer#0-3] o.s.a.r.c.CachingConnectionFactory       : Attempting to connect to: [rabbitmq:5672]

  .   ____          _            __ _ _
 /\\ / ___'_ __ _ _(_)_ __  __ _ \ \ \ \
( ( )\___ | '_ | '_| | '_ \/ _` | \ \ \ \
 \\/  ___)| |_)| | | | | || (_| |  ) ) ) )
  '  |____| .__|_| |_|_| |_\__, | / / / /
 =========|_|==============|___/=/_/_/_/
 :: Spring Boot ::                (v3.2.0)

2023-12-06T10:24:11.598+01:00  INFO 27834 --- [           main] c.m.e.r.i.MenuItemIntegrationTest        : Starting MenuItemIntegrationTest using Java 21.0.1 with PID 27834 (started by markusagnsgaard in /Users/markusagnsgaard/Desktop/restaurant-service)
2023-12-06T10:24:11.598+01:00  INFO 27834 --- [           main] c.m.e.r.i.MenuItemIntegrationTest        : The following 1 profile is active: "integration"
2023-12-06T10:24:11.886+01:00  INFO 27834 --- [           main] .s.d.r.c.RepositoryConfigurationDelegate : Bootstrapping Spring Data MongoDB repositories in DEFAULT mode.
2023-12-06T10:24:11.901+01:00  INFO 27834 --- [           main] .s.d.r.c.RepositoryConfigurationDelegate : Finished Spring Data repository scanning in 14 ms. Found 2 MongoDB repository interfaces.
2023-12-06T10:24:11.991+01:00  INFO 27834 --- [           main] org.mongodb.driver.client                : MongoClient with metadata {"driver": {"name": "mongo-java-driver|sync|spring-boot", "version": "4.11.1"}, "os": {"type": "Darwin", "name": "Mac OS X", "architecture": "x86_64", "version": "14.1"}, "platform": "Java/Oracle Corporation/21.0.1+12-29"} created with settings MongoClientSettings{readPreference=primary, writeConcern=WriteConcern{w=null, wTimeout=null ms, journal=null}, retryWrites=true, retryReads=true, readConcern=ReadConcern{level=null}, credential=null, transportSettings=null, streamFactoryFactory=null, commandListeners=[], codecRegistry=ProvidersCodecRegistry{codecProviders=[ValueCodecProvider{}, BsonValueCodecProvider{}, DBRefCodecProvider{}, DBObjectCodecProvider{}, DocumentCodecProvider{}, CollectionCodecProvider{}, IterableCodecProvider{}, MapCodecProvider{}, GeoJsonCodecProvider{}, GridFSFileCodecProvider{}, Jsr310CodecProvider{}, JsonObjectCodecProvider{}, BsonCodecProvider{}, EnumCodecProvider{}, com.mongodb.client.model.mql.ExpressionCodecProvider@5e3d2765, com.mongodb.Jep395RecordCodecProvider@7910f355, com.mongodb.KotlinCodecProvider@34ab26a]}, loggerSettings=LoggerSettings{maxDocumentLength=1000}, clusterSettings={hosts=[localhost:59788], srvServiceName=mongodb, mode=SINGLE, requiredClusterType=UNKNOWN, requiredReplicaSetName='null', serverSelector='null', clusterListeners='[]', serverSelectionTimeout='30000 ms', localThreshold='15 ms'}, socketSettings=SocketSettings{connectTimeoutMS=10000, readTimeoutMS=0, receiveBufferSize=0, proxySettings=ProxySettings{host=null, port=null, username=null, password=null}}, heartbeatSocketSettings=SocketSettings{connectTimeoutMS=10000, readTimeoutMS=10000, receiveBufferSize=0, proxySettings=ProxySettings{host=null, port=null, username=null, password=null}}, connectionPoolSettings=ConnectionPoolSettings{maxSize=100, minSize=0, maxWaitTimeMS=120000, maxConnectionLifeTimeMS=0, maxConnectionIdleTimeMS=0, maintenanceInitialDelayMS=0, maintenanceFrequencyMS=60000, connectionPoolListeners=[], maxConnecting=2}, serverSettings=ServerSettings{heartbeatFrequencyMS=10000, minHeartbeatFrequencyMS=500, serverListeners='[]', serverMonitorListeners='[]'}, sslSettings=SslSettings{enabled=false, invalidHostNameAllowed=false, context=null}, applicationName='null', compressorList=[], uuidRepresentation=JAVA_LEGACY, serverApi=null, autoEncryptionSettings=null, dnsClient=null, inetAddressResolver=null, contextProvider=null}
2023-12-06T10:24:11.999+01:00  INFO 27834 --- [localhost:59788] org.mongodb.driver.cluster               : Monitor thread successfully connected to server with description ServerDescription{address=localhost:59788, type=REPLICA_SET_PRIMARY, state=CONNECTED, ok=true, minWireVersion=0, maxWireVersion=21, maxDocumentSize=16777216, logicalSessionTimeoutMinutes=30, roundTripTimeNanos=9561944, setName='docker-rs', canonicalAddress=ad3692a96a88:27017, hosts=[ad3692a96a88:27017], passives=[], arbiters=[], primary='ad3692a96a88:27017', tagSet=TagSet{[]}, electionId=7fffffff0000000000000001, setVersion=1, topologyVersion=TopologyVersion{processId=65703db6271d69a7c716fd46, counter=6}, lastWriteDate=Wed Dec 06 10:24:10 CET 2023, lastUpdateTimeNanos=41369507779630}
2023-12-06T10:24:12.208+01:00  INFO 27834 --- [           main] o.s.b.t.m.w.SpringBootMockServletContext : Initializing Spring TestDispatcherServlet ''
2023-12-06T10:24:12.209+01:00  INFO 27834 --- [           main] o.s.t.web.servlet.TestDispatcherServlet  : Initializing Servlet ''
2023-12-06T10:24:12.210+01:00  INFO 27834 --- [           main] o.s.t.web.servlet.TestDispatcherServlet  : Completed initialization in 1 ms
2023-12-06T10:24:12.215+01:00  INFO 27834 --- [           main] o.s.a.r.c.CachingConnectionFactory       : Attempting to connect to: [rabbitmq:5672]
2023-12-06T10:24:12.216+01:00  INFO 27834 --- [           main] o.s.a.r.l.SimpleMessageListenerContainer : Broker not available; cannot force queue declarations during start: java.net.UnknownHostException: rabbitmq
2023-12-06T10:24:12.216+01:00  INFO 27834 --- [ntContainer#0-1] o.s.a.r.c.CachingConnectionFactory       : Attempting to connect to: [rabbitmq:5672]
2023-12-06T10:24:12.216+01:00 ERROR 27834 --- [ntContainer#0-1] o.s.a.r.l.SimpleMessageListenerContainer : Failed to check/redeclare auto-delete queue(s).

org.springframework.amqp.AmqpIOException: java.net.UnknownHostException: rabbitmq
	at org.springframework.amqp.rabbit.support.RabbitExceptionTranslator.convertRabbitAccessException(RabbitExceptionTranslator.java:70) ~[spring-rabbit-3.1.0.jar:3.1.0]
	at org.springframework.amqp.rabbit.connection.AbstractConnectionFactory.createBareConnection(AbstractConnectionFactory.java:594) ~[spring-rabbit-3.1.0.jar:3.1.0]
	at org.springframework.amqp.rabbit.connection.CachingConnectionFactory.createConnection(CachingConnectionFactory.java:711) ~[spring-rabbit-3.1.0.jar:3.1.0]
	at org.springframework.amqp.rabbit.connection.ConnectionFactoryUtils.createConnection(ConnectionFactoryUtils.java:257) ~[spring-rabbit-3.1.0.jar:3.1.0]
	at org.springframework.amqp.rabbit.core.RabbitTemplate.doExecute(RabbitTemplate.java:2225) ~[spring-rabbit-3.1.0.jar:3.1.0]
	at org.springframework.amqp.rabbit.core.RabbitTemplate.execute(RabbitTemplate.java:2198) ~[spring-rabbit-3.1.0.jar:3.1.0]
	at org.springframework.amqp.rabbit.core.RabbitTemplate.execute(RabbitTemplate.java:2178) ~[spring-rabbit-3.1.0.jar:3.1.0]
	at org.springframework.amqp.rabbit.core.RabbitAdmin.getQueueInfo(RabbitAdmin.java:465) ~[spring-rabbit-3.1.0.jar:3.1.0]
	at org.springframework.amqp.rabbit.core.RabbitAdmin.getQueueProperties(RabbitAdmin.java:449) ~[spring-rabbit-3.1.0.jar:3.1.0]
	at org.springframework.amqp.rabbit.listener.AbstractMessageListenerContainer.attemptDeclarations(AbstractMessageListenerContainer.java:1936) ~[spring-rabbit-3.1.0.jar:3.1.0]
	at org.springframework.amqp.rabbit.listener.AbstractMessageListenerContainer.redeclareElementsIfNecessary(AbstractMessageListenerContainer.java:1904) ~[spring-rabbit-3.1.0.jar:3.1.0]
	at org.springframework.amqp.rabbit.listener.SimpleMessageListenerContainer$AsyncMessageProcessingConsumer.initialize(SimpleMessageListenerContainer.java:1383) ~[spring-rabbit-3.1.0.jar:3.1.0]
	at org.springframework.amqp.rabbit.listener.SimpleMessageListenerContainer$AsyncMessageProcessingConsumer.run(SimpleMessageListenerContainer.java:1225) ~[spring-rabbit-3.1.0.jar:3.1.0]
	at java.base/java.lang.Thread.run(Thread.java:1583) ~[na:na]
Caused by: java.net.UnknownHostException: rabbitmq
	at java.base/java.net.InetAddress$CachedLookup.get(InetAddress.java:988) ~[na:na]
	at java.base/java.net.InetAddress.getAllByName0(InetAddress.java:1818) ~[na:na]
	at java.base/java.net.InetAddress.getAllByName(InetAddress.java:1688) ~[na:na]
	at com.rabbitmq.client.DnsRecordIpAddressResolver.resolveIpAddresses(DnsRecordIpAddressResolver.java:83) ~[amqp-client-5.19.0.jar:5.19.0]
	at com.rabbitmq.client.DnsRecordIpAddressResolver.getAddresses(DnsRecordIpAddressResolver.java:73) ~[amqp-client-5.19.0.jar:5.19.0]
	at com.rabbitmq.client.ConnectionFactory.newConnection(ConnectionFactory.java:1245) ~[amqp-client-5.19.0.jar:5.19.0]
	at com.rabbitmq.client.ConnectionFactory.newConnection(ConnectionFactory.java:1198) ~[amqp-client-5.19.0.jar:5.19.0]
	at org.springframework.amqp.rabbit.connection.AbstractConnectionFactory.connectAddresses(AbstractConnectionFactory.java:632) ~[spring-rabbit-3.1.0.jar:3.1.0]
	at org.springframework.amqp.rabbit.connection.AbstractConnectionFactory.connect(AbstractConnectionFactory.java:607) ~[spring-rabbit-3.1.0.jar:3.1.0]
	at org.springframework.amqp.rabbit.connection.AbstractConnectionFactory.createBareConnection(AbstractConnectionFactory.java:557) ~[spring-rabbit-3.1.0.jar:3.1.0]
	... 12 common frames omitted

2023-12-06T10:24:12.217+01:00  INFO 27834 --- [ntContainer#0-1] o.s.a.r.c.CachingConnectionFactory       : Attempting to connect to: [rabbitmq:5672]
2023-12-06T10:24:12.219+01:00  INFO 27834 --- [           main] c.m.e.r.i.MenuItemIntegrationTest        : Started MenuItemIntegrationTest in 0.67 seconds (process running for 43.69)
2023-12-06T10:24:12.725+01:00  INFO 27834 --- [           main] c.m.e.r.service.MenuItemService          : Getting menu items for restaurant with ID: 6554c6178dc83b51ed4e7414
]]></system-out>
  </testcase>
  <testcase name="createMenuItemAndRetrieveFromDatabase" classname="com.mtgo.exam.restaurantservice.integration.MenuItemIntegrationTest" time="0.217">
    <system-out><![CDATA[2023-12-06T10:24:12.859+01:00  INFO 27834 --- [           main] c.m.e.r.service.MenuItemService          : Creating menu item for restaurant with ID: testRestaurantId
2023-12-06T10:24:12.915+01:00  INFO 27834 --- [           main] c.m.e.r.service.MenuItemService          : Menu item 65703dbcc04e991f99e35053 is saved
2023-12-06T10:24:12.918+01:00  INFO 27834 --- [           main] c.m.e.r.service.MenuItemService          : Getting menu items for restaurant with ID: testRestaurantId
]]></system-out>
  </testcase>
  <testcase name="returnEmptyListWhenNoMenuItemsFound" classname="com.mtgo.exam.restaurantservice.integration.MenuItemIntegrationTest" time="0.009">
    <system-out><![CDATA[2023-12-06T10:24:12.986+01:00  INFO 27834 --- [           main] c.m.e.r.service.MenuItemService          : Getting menu items for restaurant with ID: invalidRestaurantId
]]></system-out>
  </testcase>
  <testcase name="throwExceptionWhenGivenInvalidRestaurantId" classname="com.mtgo.exam.restaurantservice.integration.MenuItemIntegrationTest" time="0.016">
    <system-out><![CDATA[2023-12-06T10:24:13.007+01:00  INFO 27834 --- [           main] c.m.e.r.service.MenuItemService          : Getting menu items for restaurant with ID: invalidRestaurantId
]]></system-out>
  </testcase>
</testsuite>