<?xml version="1.0" encoding="UTF-8"?>
<testsuite xmlns:xsi="http://www.w3.org/2001/XMLSchema-instance" xsi:noNamespaceSchemaLocation="https://maven.apache.org/surefire/maven-surefire-plugin/xsd/surefire-test-report-3.0.xsd" version="3.0" name="com.mtgo.exam.restaurantservice.RestaurantServiceApplicationTests" time="10.256" tests="3" errors="0" skipped="0" failures="0">
  <properties>
[...]
</properties>
  <testcase name="shouldCreateMenuItem" classname="com.mtgo.exam.restaurantservice.RestaurantServiceApplicationTests" time="1.028">
    <system-out><![CDATA[14:01:33.475 [main] INFO org.springframework.test.context.support.AnnotationConfigContextLoaderUtils -- Could not detect default configuration classes for test class [com.mtgo.exam.restaurantservice.RestaurantServiceApplicationTests]: RestaurantServiceApplicationTests does not declare any static, non-private, non-final, nested classes annotated with @Configuration.
14:01:33.586 [main] INFO org.springframework.boot.test.context.SpringBootTestContextBootstrapper -- Found @SpringBootConfiguration com.mtgo.exam.restaurantservice.RestaurantServiceApplication for test class com.mtgo.exam.restaurantservice.RestaurantServiceApplicationTests
14:01:33.723 [main] INFO org.testcontainers.images.PullPolicy -- Image pull policy will be performed by: DefaultPullPolicy()
14:01:33.726 [main] INFO org.testcontainers.utility.ImageNameSubstitutor -- Image name substitution will be performed by: DefaultImageNameSubstitutor (composite of 'ConfigurationFileImageNameSubstitutor' and 'PrefixingImageNameSubstitutor')
14:01:34.001 [main] INFO org.testcontainers.dockerclient.DockerClientProviderStrategy -- Loaded org.testcontainers.dockerclient.UnixSocketClientProviderStrategy from ~/.testcontainers.properties, will try it first
14:01:34.302 [main] INFO org.testcontainers.dockerclient.DockerClientProviderStrategy -- Found Docker environment with local Unix socket (unix:///var/run/docker.sock)
14:01:34.303 [main] INFO org.testcontainers.DockerClientFactory -- Docker host IP address is localhost
14:01:34.324 [main] INFO org.testcontainers.DockerClientFactory -- Connected to docker: 
  Server Version: 24.0.6
  API Version: 1.43
  Operating System: Docker Desktop
  Total Memory: 3929 MB
14:01:34.365 [main] INFO tc.testcontainers/ryuk:0.5.1 -- Creating container for image: testcontainers/ryuk:0.5.1
14:01:34.890 [main] INFO org.testcontainers.utility.RegistryAuthLocator -- Credential helper/store (docker-credential-desktop) does not have credentials for https://index.docker.io/v1/
14:01:35.013 [main] INFO tc.testcontainers/ryuk:0.5.1 -- Container testcontainers/ryuk:0.5.1 is starting: 8fd0af0e771c669ca4e326def4f4f9296d44a5dd56ba83234240be16b6c47c90
14:01:35.529 [main] INFO tc.testcontainers/ryuk:0.5.1 -- Container testcontainers/ryuk:0.5.1 started in PT1.163743S
14:01:35.537 [main] INFO org.testcontainers.utility.RyukResourceReaper -- Ryuk started - will monitor and terminate Testcontainers containers on JVM exit
14:01:35.538 [main] INFO org.testcontainers.DockerClientFactory -- Checking the system...
14:01:35.538 [main] INFO org.testcontainers.DockerClientFactory -- ✔︎ Docker server version should be at least 1.6.0
14:01:35.539 [main] INFO tc.mongo:latest -- Creating container for image: mongo:latest
14:01:35.671 [main] INFO tc.mongo:latest -- Container mongo:latest is starting: 31a2ecbbb24ebcb1b5030c02c5adbe456dbb5c78c36fe89a24090003039e9fdd
14:01:36.864 [main] INFO tc.mongo:latest -- Container mongo:latest started in PT1.325543S

  .   ____          _            __ _ _
 /\\ / ___'_ __ _ _(_)_ __  __ _ \ \ \ \
( ( )\___ | '_ | '_| | '_ \/ _` | \ \ \ \
 \\/  ___)| |_)| | | | | || (_| |  ) ) ) )
  '  |____| .__|_| |_|_| |_\__, | / / / /
 =========|_|==============|___/=/_/_/_/
 :: Spring Boot ::                (v3.2.0)

2023-12-10T14:01:39.180+01:00  INFO 7329 --- [restaurant-service] [           main] .m.e.r.RestaurantServiceApplicationTests : Starting RestaurantServiceApplicationTests using Java 21.0.1 with PID 7329 (started by markusagnsgaard in /Users/markusagnsgaard/Desktop/restaurant-service)
2023-12-10T14:01:39.181+01:00  INFO 7329 --- [restaurant-service] [           main] .m.e.r.RestaurantServiceApplicationTests : No active profile set, falling back to 1 default profile: "default"
2023-12-10T14:01:39.836+01:00  INFO 7329 --- [restaurant-service] [           main] .s.d.r.c.RepositoryConfigurationDelegate : Bootstrapping Spring Data MongoDB repositories in DEFAULT mode.
2023-12-10T14:01:39.986+01:00  INFO 7329 --- [restaurant-service] [           main] .s.d.r.c.RepositoryConfigurationDelegate : Finished Spring Data repository scanning in 142 ms. Found 2 MongoDB repository interfaces.
2023-12-10T14:01:40.214+01:00  INFO 7329 --- [restaurant-service] [           main] o.s.cloud.context.scope.GenericScope     : BeanFactory id=b147d35c-69b2-3ee8-b194-ec619da34ea3
2023-12-10T14:01:40.319+01:00  WARN 7329 --- [restaurant-service] [           main] trationDelegate$BeanPostProcessorChecker : Bean 'org.springframework.cloud.client.loadbalancer.LoadBalancerAutoConfiguration$RetryInterceptorAutoConfiguration' of type [org.springframework.cloud.client.loadbalancer.LoadBalancerAutoConfiguration$RetryInterceptorAutoConfiguration] is not eligible for getting processed by all BeanPostProcessors (for example: not eligible for auto-proxying). The currently created BeanPostProcessor [lbRestClientPostProcessor] is declared through a non-static factory method on that class; consider declaring it as static instead.
2023-12-10T14:01:40.322+01:00  WARN 7329 --- [restaurant-service] [           main] trationDelegate$BeanPostProcessorChecker : Bean 'org.springframework.cloud.loadbalancer.config.BlockingLoadBalancerClientAutoConfiguration' of type [org.springframework.cloud.loadbalancer.config.BlockingLoadBalancerClientAutoConfiguration] is not eligible for getting processed by all BeanPostProcessors (for example: not eligible for auto-proxying). Is this bean getting eagerly injected into a currently created BeanPostProcessor [lbRestClientPostProcessor]? Check the corresponding BeanPostProcessor declaration and its dependencies.
2023-12-10T14:01:40.323+01:00  WARN 7329 --- [restaurant-service] [           main] trationDelegate$BeanPostProcessorChecker : Bean 'org.springframework.cloud.loadbalancer.config.LoadBalancerAutoConfiguration' of type [org.springframework.cloud.loadbalancer.config.LoadBalancerAutoConfiguration] is not eligible for getting processed by all BeanPostProcessors (for example: not eligible for auto-proxying). Is this bean getting eagerly injected into a currently created BeanPostProcessor [lbRestClientPostProcessor]? Check the corresponding BeanPostProcessor declaration and its dependencies.
2023-12-10T14:01:40.330+01:00  WARN 7329 --- [restaurant-service] [           main] trationDelegate$BeanPostProcessorChecker : Bean 'org.springframework.cloud.commons.config.CommonsConfigAutoConfiguration' of type [org.springframework.cloud.commons.config.CommonsConfigAutoConfiguration] is not eligible for getting processed by all BeanPostProcessors (for example: not eligible for auto-proxying). Is this bean getting eagerly injected into a currently created BeanPostProcessor [lbRestClientPostProcessor]? Check the corresponding BeanPostProcessor declaration and its dependencies.
2023-12-10T14:01:40.332+01:00  WARN 7329 --- [restaurant-service] [           main] trationDelegate$BeanPostProcessorChecker : Bean 'org.springframework.cloud.client.loadbalancer.LoadBalancerDefaultMappingsProviderAutoConfiguration' of type [org.springframework.cloud.client.loadbalancer.LoadBalancerDefaultMappingsProviderAutoConfiguration] is not eligible for getting processed by all BeanPostProcessors (for example: not eligible for auto-proxying). Is this bean getting eagerly injected into a currently created BeanPostProcessor [lbRestClientPostProcessor]? Check the corresponding BeanPostProcessor declaration and its dependencies.
2023-12-10T14:01:40.332+01:00  WARN 7329 --- [restaurant-service] [           main] trationDelegate$BeanPostProcessorChecker : Bean 'loadBalancerClientsDefaultsMappingsProvider' of type [org.springframework.cloud.client.loadbalancer.LoadBalancerDefaultMappingsProviderAutoConfiguration$$Lambda/0x000000012a54da28] is not eligible for getting processed by all BeanPostProcessors (for example: not eligible for auto-proxying). Is this bean getting eagerly injected into a currently created BeanPostProcessor [lbRestClientPostProcessor]? Check the corresponding BeanPostProcessor declaration and its dependencies.
2023-12-10T14:01:40.333+01:00  WARN 7329 --- [restaurant-service] [           main] trationDelegate$BeanPostProcessorChecker : Bean 'defaultsBindHandlerAdvisor' of type [org.springframework.cloud.commons.config.DefaultsBindHandlerAdvisor] is not eligible for getting processed by all BeanPostProcessors (for example: not eligible for auto-proxying). Is this bean getting eagerly injected into a currently created BeanPostProcessor [lbRestClientPostProcessor]? Check the corresponding BeanPostProcessor declaration and its dependencies.
2023-12-10T14:01:40.339+01:00  WARN 7329 --- [restaurant-service] [           main] trationDelegate$BeanPostProcessorChecker : Bean 'spring.cloud.loadbalancer-org.springframework.cloud.client.loadbalancer.LoadBalancerClientsProperties' of type [org.springframework.cloud.client.loadbalancer.LoadBalancerClientsProperties] is not eligible for getting processed by all BeanPostProcessors (for example: not eligible for auto-proxying). Is this bean getting eagerly injected into a currently created BeanPostProcessor [lbRestClientPostProcessor]? Check the corresponding BeanPostProcessor declaration and its dependencies.
2023-12-10T14:01:40.345+01:00  WARN 7329 --- [restaurant-service] [           main] trationDelegate$BeanPostProcessorChecker : Bean 'default.org.springframework.cloud.loadbalancer.config.LoadBalancerAutoConfiguration.LoadBalancerClientSpecification' of type [org.springframework.cloud.loadbalancer.annotation.LoadBalancerClientSpecification] is not eligible for getting processed by all BeanPostProcessors (for example: not eligible for auto-proxying). Is this bean getting eagerly injected into a currently created BeanPostProcessor [lbRestClientPostProcessor]? Check the corresponding BeanPostProcessor declaration and its dependencies.
2023-12-10T14:01:40.346+01:00  WARN 7329 --- [restaurant-service] [           main] trationDelegate$BeanPostProcessorChecker : Bean 'default.org.springframework.cloud.loadbalancer.config.BlockingLoadBalancerClientAutoConfiguration.LoadBalancerClientSpecification' of type [org.springframework.cloud.loadbalancer.annotation.LoadBalancerClientSpecification] is not eligible for getting processed by all BeanPostProcessors (for example: not eligible for auto-proxying). Is this bean getting eagerly injected into a currently created BeanPostProcessor [lbRestClientPostProcessor]? Check the corresponding BeanPostProcessor declaration and its dependencies.
2023-12-10T14:01:40.346+01:00  WARN 7329 --- [restaurant-service] [           main] trationDelegate$BeanPostProcessorChecker : Bean 'default.org.springframework.cloud.netflix.eureka.loadbalancer.LoadBalancerEurekaAutoConfiguration.LoadBalancerClientSpecification' of type [org.springframework.cloud.loadbalancer.annotation.LoadBalancerClientSpecification] is not eligible for getting processed by all BeanPostProcessors (for example: not eligible for auto-proxying). Is this bean getting eagerly injected into a currently created BeanPostProcessor [lbRestClientPostProcessor]? Check the corresponding BeanPostProcessor declaration and its dependencies.
2023-12-10T14:01:40.347+01:00  WARN 7329 --- [restaurant-service] [           main] trationDelegate$BeanPostProcessorChecker : Bean 'loadBalancerClientFactory' of type [org.springframework.cloud.loadbalancer.support.LoadBalancerClientFactory] is not eligible for getting processed by all BeanPostProcessors (for example: not eligible for auto-proxying). Is this bean getting eagerly injected into a currently created BeanPostProcessor [lbRestClientPostProcessor]? Check the corresponding BeanPostProcessor declaration and its dependencies.
2023-12-10T14:01:40.350+01:00  WARN 7329 --- [restaurant-service] [           main] trationDelegate$BeanPostProcessorChecker : Bean 'blockingLoadBalancerClient' of type [org.springframework.cloud.loadbalancer.blocking.client.BlockingLoadBalancerClient] is not eligible for getting processed by all BeanPostProcessors (for example: not eligible for auto-proxying). Is this bean getting eagerly injected into a currently created BeanPostProcessor [lbRestClientPostProcessor]? Check the corresponding BeanPostProcessor declaration and its dependencies.
2023-12-10T14:01:40.357+01:00  WARN 7329 --- [restaurant-service] [           main] trationDelegate$BeanPostProcessorChecker : Bean 'loadBalancerServiceInstanceCookieTransformer' of type [org.springframework.cloud.loadbalancer.core.LoadBalancerServiceInstanceCookieTransformer] is not eligible for getting processed by all BeanPostProcessors (for example: not eligible for auto-proxying). Is this bean getting eagerly injected into a currently created BeanPostProcessor [lbRestClientPostProcessor]? Check the corresponding BeanPostProcessor declaration and its dependencies.
2023-12-10T14:01:40.358+01:00  WARN 7329 --- [restaurant-service] [           main] trationDelegate$BeanPostProcessorChecker : Bean 'xForwarderHeadersTransformer' of type [org.springframework.cloud.loadbalancer.blocking.XForwardedHeadersTransformer] is not eligible for getting processed by all BeanPostProcessors (for example: not eligible for auto-proxying). Is this bean getting eagerly injected into a currently created BeanPostProcessor [lbRestClientPostProcessor]? Check the corresponding BeanPostProcessor declaration and its dependencies.
2023-12-10T14:01:40.359+01:00  WARN 7329 --- [restaurant-service] [           main] trationDelegate$BeanPostProcessorChecker : Bean 'org.springframework.cloud.client.loadbalancer.LoadBalancerAutoConfiguration' of type [org.springframework.cloud.client.loadbalancer.LoadBalancerAutoConfiguration] is not eligible for getting processed by all BeanPostProcessors (for example: not eligible for auto-proxying). Is this bean getting eagerly injected into a currently created BeanPostProcessor [lbRestClientPostProcessor]? Check the corresponding BeanPostProcessor declaration and its dependencies.
2023-12-10T14:01:40.360+01:00  WARN 7329 --- [restaurant-service] [           main] trationDelegate$BeanPostProcessorChecker : Bean 'loadBalancerRequestFactory' of type [org.springframework.cloud.client.loadbalancer.LoadBalancerRequestFactory] is not eligible for getting processed by all BeanPostProcessors (for example: not eligible for auto-proxying). Is this bean getting eagerly injected into a currently created BeanPostProcessor [lbRestClientPostProcessor]? Check the corresponding BeanPostProcessor declaration and its dependencies.
2023-12-10T14:01:40.362+01:00  WARN 7329 --- [restaurant-service] [           main] trationDelegate$BeanPostProcessorChecker : Bean 'org.springframework.cloud.loadbalancer.config.BlockingLoadBalancerClientAutoConfiguration$BlockingLoadBalancerRetryConfig' of type [org.springframework.cloud.loadbalancer.config.BlockingLoadBalancerClientAutoConfiguration$BlockingLoadBalancerRetryConfig$$SpringCGLIB$$0] is not eligible for getting processed by all BeanPostProcessors (for example: not eligible for auto-proxying). Is this bean getting eagerly injected into a currently created BeanPostProcessor [lbRestClientPostProcessor]? Check the corresponding BeanPostProcessor declaration and its dependencies.
2023-12-10T14:01:40.365+01:00  WARN 7329 --- [restaurant-service] [           main] trationDelegate$BeanPostProcessorChecker : Bean 'loadBalancedRetryFactory' of type [org.springframework.cloud.loadbalancer.blocking.retry.BlockingLoadBalancedRetryFactory] is not eligible for getting processed by all BeanPostProcessors (for example: not eligible for auto-proxying). Is this bean getting eagerly injected into a currently created BeanPostProcessor [lbRestClientPostProcessor]? Check the corresponding BeanPostProcessor declaration and its dependencies.
2023-12-10T14:01:40.368+01:00  WARN 7329 --- [restaurant-service] [           main] trationDelegate$BeanPostProcessorChecker : Bean 'loadBalancerInterceptor' of type [org.springframework.cloud.client.loadbalancer.RetryLoadBalancerInterceptor] is not eligible for getting processed by all BeanPostProcessors (for example: not eligible for auto-proxying). Is this bean getting eagerly injected into a currently created BeanPostProcessor [lbRestClientPostProcessor]? Check the corresponding BeanPostProcessor declaration and its dependencies.
2023-12-10T14:01:40.561+01:00  INFO 7329 --- [restaurant-service] [           main] org.mongodb.driver.client                : MongoClient with metadata {"driver": {"name": "mongo-java-driver|sync|spring-boot", "version": "4.11.1"}, "os": {"type": "Darwin", "name": "Mac OS X", "architecture": "x86_64", "version": "14.1"}, "platform": "Java/Oracle Corporation/21.0.1+12-29"} created with settings MongoClientSettings{readPreference=primary, writeConcern=WriteConcern{w=null, wTimeout=null ms, journal=null}, retryWrites=true, retryReads=true, readConcern=ReadConcern{level=null}, credential=null, transportSettings=null, streamFactoryFactory=null, commandListeners=[], codecRegistry=ProvidersCodecRegistry{codecProviders=[ValueCodecProvider{}, BsonValueCodecProvider{}, DBRefCodecProvider{}, DBObjectCodecProvider{}, DocumentCodecProvider{}, CollectionCodecProvider{}, IterableCodecProvider{}, MapCodecProvider{}, GeoJsonCodecProvider{}, GridFSFileCodecProvider{}, Jsr310CodecProvider{}, JsonObjectCodecProvider{}, BsonCodecProvider{}, EnumCodecProvider{}, com.mongodb.client.model.mql.ExpressionCodecProvider@24615687, com.mongodb.Jep395RecordCodecProvider@58636b50, com.mongodb.KotlinCodecProvider@7f4f1536]}, loggerSettings=LoggerSettings{maxDocumentLength=1000}, clusterSettings={hosts=[localhost:51471], srvServiceName=mongodb, mode=SINGLE, requiredClusterType=UNKNOWN, requiredReplicaSetName='null', serverSelector='null', clusterListeners='[]', serverSelectionTimeout='30000 ms', localThreshold='15 ms'}, socketSettings=SocketSettings{connectTimeoutMS=10000, readTimeoutMS=0, receiveBufferSize=0, proxySettings=ProxySettings{host=null, port=null, username=null, password=null}}, heartbeatSocketSettings=SocketSettings{connectTimeoutMS=10000, readTimeoutMS=10000, receiveBufferSize=0, proxySettings=ProxySettings{host=null, port=null, username=null, password=null}}, connectionPoolSettings=ConnectionPoolSettings{maxSize=100, minSize=0, maxWaitTimeMS=120000, maxConnectionLifeTimeMS=0, maxConnectionIdleTimeMS=0, maintenanceInitialDelayMS=0, maintenanceFrequencyMS=60000, connectionPoolListeners=[], maxConnecting=2}, serverSettings=ServerSettings{heartbeatFrequencyMS=10000, minHeartbeatFrequencyMS=500, serverListeners='[]', serverMonitorListeners='[]'}, sslSettings=SslSettings{enabled=false, invalidHostNameAllowed=false, context=null}, applicationName='null', compressorList=[], uuidRepresentation=JAVA_LEGACY, serverApi=null, autoEncryptionSettings=null, dnsClient=null, inetAddressResolver=null, contextProvider=null}
2023-12-10T14:01:40.598+01:00  INFO 7329 --- [restaurant-service] [localhost:51471] org.mongodb.driver.cluster               : Monitor thread successfully connected to server with description ServerDescription{address=localhost:51471, type=REPLICA_SET_PRIMARY, state=CONNECTED, ok=true, minWireVersion=0, maxWireVersion=21, maxDocumentSize=16777216, logicalSessionTimeoutMinutes=30, roundTripTimeNanos=33356255, setName='docker-rs', canonicalAddress=31a2ecbbb24e:27017, hosts=[31a2ecbbb24e:27017], passives=[], arbiters=[], primary='31a2ecbbb24e:27017', tagSet=TagSet{[]}, electionId=7fffffff0000000000000001, setVersion=1, topologyVersion=TopologyVersion{processId=6575b6b0f48a678f37befeb6, counter=6}, lastWriteDate=Sun Dec 10 14:01:37 CET 2023, lastUpdateTimeNanos=8044808290947}
2023-12-10T14:01:41.635+01:00  INFO 7329 --- [restaurant-service] [           main] o.s.b.t.m.w.SpringBootMockServletContext : Initializing Spring TestDispatcherServlet ''
2023-12-10T14:01:41.635+01:00  INFO 7329 --- [restaurant-service] [           main] o.s.t.web.servlet.TestDispatcherServlet  : Initializing Servlet ''
2023-12-10T14:01:41.637+01:00  INFO 7329 --- [restaurant-service] [           main] o.s.t.web.servlet.TestDispatcherServlet  : Completed initialization in 1 ms
2023-12-10T14:01:41.679+01:00  INFO 7329 --- [restaurant-service] [           main] DiscoveryClientOptionalArgsConfiguration : Eureka HTTP Client uses RestTemplate.
2023-12-10T14:01:41.722+01:00  WARN 7329 --- [restaurant-service] [           main] iguration$LoadBalancerCaffeineWarnLogger : Spring Cloud LoadBalancer is currently working with the default cache. While this cache implementation is useful for development and tests, it's recommended to use Caffeine cache in production.You can switch to using Caffeine cache, by adding it and org.springframework.cache.caffeine.CaffeineCacheManager to the classpath.
2023-12-10T14:01:41.764+01:00  INFO 7329 --- [restaurant-service] [           main] o.s.c.n.eureka.InstanceInfoFactory       : Setting initial instance status as: STARTING
2023-12-10T14:01:41.897+01:00  INFO 7329 --- [restaurant-service] [           main] com.netflix.discovery.DiscoveryClient    : Initializing Eureka in region us-east-1
2023-12-10T14:01:41.902+01:00  INFO 7329 --- [restaurant-service] [           main] c.n.d.s.r.aws.ConfigClusterResolver      : Resolving eureka endpoints via configuration
2023-12-10T14:01:41.927+01:00  INFO 7329 --- [restaurant-service] [           main] com.netflix.discovery.DiscoveryClient    : Disable delta property : false
2023-12-10T14:01:41.927+01:00  INFO 7329 --- [restaurant-service] [           main] com.netflix.discovery.DiscoveryClient    : Single vip registry refresh property : null
2023-12-10T14:01:41.927+01:00  INFO 7329 --- [restaurant-service] [           main] com.netflix.discovery.DiscoveryClient    : Force full registry fetch : false
2023-12-10T14:01:41.927+01:00  INFO 7329 --- [restaurant-service] [           main] com.netflix.discovery.DiscoveryClient    : Application is null : false
2023-12-10T14:01:41.928+01:00  INFO 7329 --- [restaurant-service] [           main] com.netflix.discovery.DiscoveryClient    : Registered Applications size is zero : true
2023-12-10T14:01:41.928+01:00  INFO 7329 --- [restaurant-service] [           main] com.netflix.discovery.DiscoveryClient    : Application version is -1: true
2023-12-10T14:01:41.928+01:00  INFO 7329 --- [restaurant-service] [           main] com.netflix.discovery.DiscoveryClient    : Getting all instance registry info from the eureka server
2023-12-10T14:01:42.196+01:00  INFO 7329 --- [restaurant-service] [           main] com.netflix.discovery.DiscoveryClient    : The response status is 200
2023-12-10T14:01:42.199+01:00  INFO 7329 --- [restaurant-service] [           main] com.netflix.discovery.DiscoveryClient    : Starting heartbeat executor: renew interval is: 30
2023-12-10T14:01:42.201+01:00  INFO 7329 --- [restaurant-service] [           main] c.n.discovery.InstanceInfoReplicator     : InstanceInfoReplicator onDemand update allowed rate per min is 4
2023-12-10T14:01:42.204+01:00  INFO 7329 --- [restaurant-service] [           main] com.netflix.discovery.DiscoveryClient    : Discovery Client initialized at timestamp 1702213302204 with initial instances count: 2
2023-12-10T14:01:42.207+01:00  INFO 7329 --- [restaurant-service] [           main] o.s.c.n.e.s.EurekaServiceRegistry        : Registering application RESTAURANT-SERVICE with eureka with status UP
2023-12-10T14:01:42.207+01:00  INFO 7329 --- [restaurant-service] [           main] com.netflix.discovery.DiscoveryClient    : Saw local status change event StatusChangeEvent [timestamp=1702213302207, current=UP, previous=STARTING]
2023-12-10T14:01:42.209+01:00  INFO 7329 --- [restaurant-service] [nfoReplicator-0] com.netflix.discovery.DiscoveryClient    : DiscoveryClient_RESTAURANT-SERVICE/192.168.1.167:restaurant-service: registering service...
2023-12-10T14:01:42.212+01:00  INFO 7329 --- [restaurant-service] [           main] o.s.a.r.c.CachingConnectionFactory       : Attempting to connect to: [rabbitmq:5672]
2023-12-10T14:01:42.221+01:00  INFO 7329 --- [restaurant-service] [           main] o.s.a.r.l.SimpleMessageListenerContainer : Broker not available; cannot force queue declarations during start: java.net.UnknownHostException: rabbitmq: nodename nor servname provided, or not known
2023-12-10T14:01:42.229+01:00  INFO 7329 --- [restaurant-service] [ntContainer#0-1] o.s.a.r.c.CachingConnectionFactory       : Attempting to connect to: [rabbitmq:5672]
2023-12-10T14:01:42.230+01:00 ERROR 7329 --- [restaurant-service] [ntContainer#0-1] o.s.a.r.l.SimpleMessageListenerContainer : Failed to check/redeclare auto-delete queue(s).

org.springframework.amqp.AmqpIOException: java.net.UnknownHostException: rabbitmq
	at org.springframework.amqp.rabbit.support.RabbitExceptionTranslator.convertRabbitAccessException(RabbitExceptionTranslator.java:70) ~[spring-rabbit-3.1.0.jar:3.1.0]
	at org.springframework.amqp.rabbit.connection.AbstractConnectionFactory.createBareConnection(AbstractConnectionFactory.java:594) ~[spring-rabbit-3.1.0.jar:3.1.0]
	at org.springframework.amqp.rabbit.connection.CachingConnectionFactory.createConnection(CachingConnectionFactory.java:711) ~[spring-rabbit-3.1.0.jar:3.1.0]
	at org.springframework.amqp.rabbit.connection.ConnectionFactoryUtils.createConnection(ConnectionFactoryUtils.java:257) ~[spring-rabbit-3.1.0.jar:3.1.0]
	at org.springframework.amqp.rabbit.core.RabbitTemplate.doExecute(RabbitTemplate.java:2225) ~[spring-rabbit-3.1.0.jar:3.1.0]
	at org.springframework.amqp.rabbit.core.RabbitTemplate.execute(RabbitTemplate.java:2198) ~[spring-rabbit-3.1.0.jar:3.1.0]
	at org.springframework.amqp.rabbit.core.RabbitTemplate.execute(RabbitTemplate.java:2178) ~[spring-rabbit-3.1.0.jar:3.1.0]
	at org.springframework.amqp.rabbit.core.RabbitAdmin.getQueueInfo(RabbitAdmin.java:465) ~[spring-rabbit-3.1.0.jar:3.1.0]
	at org.springframework.amqp.rabbit.core.RabbitAdmin.getQueueProperties(RabbitAdmin.java:449) ~[spring-rabbit-3.1.0.jar:3.1.0]
	at org.springframework.amqp.rabbit.listener.AbstractMessageListenerContainer.attemptDeclarations(AbstractMessageListenerContainer.java:1936) ~[spring-rabbit-3.1.0.jar:3.1.0]
	at org.springframework.amqp.rabbit.listener.AbstractMessageListenerContainer.redeclareElementsIfNecessary(AbstractMessageListenerContainer.java:1904) ~[spring-rabbit-3.1.0.jar:3.1.0]
	at org.springframework.amqp.rabbit.listener.SimpleMessageListenerContainer$AsyncMessageProcessingConsumer.initialize(SimpleMessageListenerContainer.java:1383) ~[spring-rabbit-3.1.0.jar:3.1.0]
	at org.springframework.amqp.rabbit.listener.SimpleMessageListenerContainer$AsyncMessageProcessingConsumer.run(SimpleMessageListenerContainer.java:1225) ~[spring-rabbit-3.1.0.jar:3.1.0]
	at java.base/java.lang.Thread.run(Thread.java:1583) ~[na:na]
Caused by: java.net.UnknownHostException: rabbitmq
	at java.base/java.net.InetAddress$CachedLookup.get(InetAddress.java:988) ~[na:na]
	at java.base/java.net.InetAddress.getAllByName0(InetAddress.java:1818) ~[na:na]
	at java.base/java.net.InetAddress.getAllByName(InetAddress.java:1688) ~[na:na]
	at com.rabbitmq.client.DnsRecordIpAddressResolver.resolveIpAddresses(DnsRecordIpAddressResolver.java:83) ~[amqp-client-5.19.0.jar:5.19.0]
	at com.rabbitmq.client.DnsRecordIpAddressResolver.getAddresses(DnsRecordIpAddressResolver.java:73) ~[amqp-client-5.19.0.jar:5.19.0]
	at com.rabbitmq.client.ConnectionFactory.newConnection(ConnectionFactory.java:1245) ~[amqp-client-5.19.0.jar:5.19.0]
	at com.rabbitmq.client.ConnectionFactory.newConnection(ConnectionFactory.java:1198) ~[amqp-client-5.19.0.jar:5.19.0]
	at org.springframework.amqp.rabbit.connection.AbstractConnectionFactory.connectAddresses(AbstractConnectionFactory.java:632) ~[spring-rabbit-3.1.0.jar:3.1.0]
	at org.springframework.amqp.rabbit.connection.AbstractConnectionFactory.connect(AbstractConnectionFactory.java:607) ~[spring-rabbit-3.1.0.jar:3.1.0]
	at org.springframework.amqp.rabbit.connection.AbstractConnectionFactory.createBareConnection(AbstractConnectionFactory.java:557) ~[spring-rabbit-3.1.0.jar:3.1.0]
	... 12 common frames omitted

2023-12-10T14:01:42.237+01:00  INFO 7329 --- [restaurant-service] [ntContainer#0-1] o.s.a.r.c.CachingConnectionFactory       : Attempting to connect to: [rabbitmq:5672]
2023-12-10T14:01:42.244+01:00  INFO 7329 --- [restaurant-service] [           main] .m.e.r.RestaurantServiceApplicationTests : Started RestaurantServiceApplicationTests in 3.355 seconds (process running for 9.464)
2023-12-10T14:01:42.262+01:00  INFO 7329 --- [restaurant-service] [nfoReplicator-0] com.netflix.discovery.DiscoveryClient    : DiscoveryClient_RESTAURANT-SERVICE/192.168.1.167:restaurant-service - registration status: 204
2023-12-10T14:01:43.203+01:00  INFO 7329 --- [restaurant-service] [           main] c.m.e.r.service.MenuItemService          : Creating menu item for restaurant with ID: 6554c6178dc83b51ed4e7414
2023-12-10T14:01:43.265+01:00  INFO 7329 --- [restaurant-service] [           main] c.m.e.r.service.MenuItemService          : Menu item 6575b6b78c3a6434ee1119a4 is saved
]]></system-out>
    <system-err><![CDATA[WARNING: A Java agent has been loaded dynamically (/Users/markusagnsgaard/.m2/repository/net/bytebuddy/byte-buddy-agent/1.14.10/byte-buddy-agent-1.14.10.jar)
WARNING: If a serviceability tool is in use, please run with -XX:+EnableDynamicAgentLoading to hide this warning
WARNING: If a serviceability tool is not in use, please run with -Djdk.instrument.traceUsage for more information
WARNING: Dynamic loading of agents will be disallowed by default in a future release
]]></system-err>
  </testcase>
  <testcase name="test_instantiation_with_all_fields_populated" classname="com.mtgo.exam.restaurantservice.RestaurantServiceApplicationTests" time="0.01"/>
  <testcase name="test_successful_csv_read_and_create_restaurants" classname="com.mtgo.exam.restaurantservice.RestaurantServiceApplicationTests" time="0.052">
    <system-out><![CDATA[2023-12-10T14:01:43.310+01:00  INFO 7329 --- [restaurant-service] [           main] c.m.e.r.service.RestaurantService        : Restaurant 6575b6b78c3a6434ee1119a5 is saved
2023-12-10T14:01:43.313+01:00  INFO 7329 --- [restaurant-service] [           main] c.m.e.r.service.RestaurantService        : Restaurant 6575b6b78c3a6434ee1119a6 is saved
2023-12-10T14:01:43.317+01:00  INFO 7329 --- [restaurant-service] [           main] c.m.e.r.service.RestaurantService        : Restaurant 6575b6b78c3a6434ee1119a7 is saved
2023-12-10T14:01:43.321+01:00  INFO 7329 --- [restaurant-service] [           main] c.m.e.r.service.RestaurantService        : Restaurant 6575b6b78c3a6434ee1119a8 is saved
2023-12-10T14:01:43.324+01:00  INFO 7329 --- [restaurant-service] [           main] c.m.e.r.service.RestaurantService        : Restaurant 6575b6b78c3a6434ee1119a9 is saved
2023-12-10T14:01:43.330+01:00  INFO 7329 --- [restaurant-service] [           main] c.m.e.r.service.RestaurantService        : Restaurant 6575b6b78c3a6434ee1119aa is saved
2023-12-10T14:01:43.333+01:00  INFO 7329 --- [restaurant-service] [           main] c.m.e.r.service.RestaurantService        : Restaurant 6575b6b78c3a6434ee1119ab is saved
2023-12-10T14:01:43.337+01:00  INFO 7329 --- [restaurant-service] [           main] c.m.e.r.service.RestaurantService        : Restaurant 6575b6b78c3a6434ee1119ac is saved
2023-12-10T14:01:43.340+01:00  INFO 7329 --- [restaurant-service] [           main] c.m.e.r.service.RestaurantService        : Restaurant 6575b6b78c3a6434ee1119ad is saved
2023-12-10T14:01:43.344+01:00  INFO 7329 --- [restaurant-service] [           main] c.m.e.r.service.RestaurantService        : Restaurant 6575b6b78c3a6434ee1119ae is saved
2023-12-10T14:01:43.344+01:00  INFO 7329 --- [restaurant-service] [           main] c.m.e.r.service.RestaurantService        : Database populated from CSV successfully.
]]></system-out>
  </testcase>
</testsuite>