<?xml version="1.0" encoding="UTF-8"?>
<testsuite xmlns:xsi="http://www.w3.org/2001/XMLSchema-instance" xsi:noNamespaceSchemaLocation="https://maven.apache.org/surefire/maven-surefire-plugin/xsd/surefire-test-report-3.0.xsd" version="3.0" name="com.mtgo.exam.restaurantservice.RestaurantServiceApplicationTests" time="29.423" tests="3" errors="0" skipped="0" failures="0">
  <properties>
[...]
</properties>
  <testcase name="shouldCreateMenuItem" classname="com.mtgo.exam.restaurantservice.RestaurantServiceApplicationTests" time="1.929">
    <system-out><![CDATA[12:12:08.919 [main] INFO org.springframework.test.context.support.AnnotationConfigContextLoaderUtils -- Could not detect default configuration classes for test class [com.mtgo.exam.restaurantservice.RestaurantServiceApplicationTests]: RestaurantServiceApplicationTests does not declare any static, non-private, non-final, nested classes annotated with @Configuration.
12:12:09.059 [main] INFO org.springframework.boot.test.context.SpringBootTestContextBootstrapper -- Found @SpringBootConfiguration com.mtgo.exam.restaurantservice.RestaurantServiceApplication for test class com.mtgo.exam.restaurantservice.RestaurantServiceApplicationTests
12:12:09.273 [main] INFO org.testcontainers.images.PullPolicy -- Image pull policy will be performed by: DefaultPullPolicy()
12:12:09.281 [main] INFO org.testcontainers.utility.ImageNameSubstitutor -- Image name substitution will be performed by: DefaultImageNameSubstitutor (composite of 'ConfigurationFileImageNameSubstitutor' and 'PrefixingImageNameSubstitutor')
12:12:09.661 [main] INFO org.testcontainers.dockerclient.DockerClientProviderStrategy -- Loaded org.testcontainers.dockerclient.UnixSocketClientProviderStrategy from ~/.testcontainers.properties, will try it first
12:12:10.757 [main] INFO org.testcontainers.dockerclient.DockerClientProviderStrategy -- Found Docker environment with local Unix socket (unix:///var/run/docker.sock)
12:12:10.759 [main] INFO org.testcontainers.DockerClientFactory -- Docker host IP address is localhost
12:12:10.817 [main] INFO org.testcontainers.DockerClientFactory -- Connected to docker: 
  Server Version: 24.0.6
  API Version: 1.43
  Operating System: Docker Desktop
  Total Memory: 3929 MB
12:12:10.967 [main] INFO tc.testcontainers/ryuk:0.5.1 -- Creating container for image: testcontainers/ryuk:0.5.1
12:12:11.873 [main] INFO org.testcontainers.utility.RegistryAuthLocator -- Credential helper/store (docker-credential-desktop) does not have credentials for https://index.docker.io/v1/
12:12:12.282 [main] INFO tc.testcontainers/ryuk:0.5.1 -- Container testcontainers/ryuk:0.5.1 is starting: 04af2e1119f905257c0174440397a690978e99b6d8b777242b1acc44016405f4
12:12:16.430 [main] INFO tc.testcontainers/ryuk:0.5.1 -- Container testcontainers/ryuk:0.5.1 started in PT5.463267S
12:12:16.527 [main] INFO org.testcontainers.utility.RyukResourceReaper -- Ryuk started - will monitor and terminate Testcontainers containers on JVM exit
12:12:16.527 [main] INFO org.testcontainers.DockerClientFactory -- Checking the system...
12:12:16.529 [main] INFO org.testcontainers.DockerClientFactory -- ✔︎ Docker server version should be at least 1.6.0
12:12:16.530 [main] INFO tc.mongo:latest -- Creating container for image: mongo:latest
12:12:16.676 [main] INFO tc.mongo:latest -- Container mongo:latest is starting: 8d676cd2669fd0fb71f4edbb61aafcc509eb96d421d43dff12e9e3dea62076d1
12:12:23.538 [main] INFO tc.mongo:latest -- Container mongo:latest started in PT7.007329S

  .   ____          _            __ _ _
 /\\ / ___'_ __ _ _(_)_ __  __ _ \ \ \ \
( ( )\___ | '_ | '_| | '_ \/ _` | \ \ \ \
 \\/  ___)| |_)| | | | | || (_| |  ) ) ) )
  '  |____| .__|_| |_|_| |_\__, | / / / /
 =========|_|==============|___/=/_/_/_/
 :: Spring Boot ::                (v3.2.0)

2023-12-29T12:12:27.801+01:00  INFO 13939 --- [restaurant-service] [           main] .m.e.r.RestaurantServiceApplicationTests : Starting RestaurantServiceApplicationTests using Java 21.0.1 with PID 13939 (started by markusagnsgaard in /Users/markusagnsgaard/Desktop/Exam-folder/exam-restaurant-service)
2023-12-29T12:12:27.802+01:00  INFO 13939 --- [restaurant-service] [           main] .m.e.r.RestaurantServiceApplicationTests : No active profile set, falling back to 1 default profile: "default"
2023-12-29T12:12:29.234+01:00  INFO 13939 --- [restaurant-service] [           main] .s.d.r.c.RepositoryConfigurationDelegate : Bootstrapping Spring Data MongoDB repositories in DEFAULT mode.
2023-12-29T12:12:29.409+01:00  INFO 13939 --- [restaurant-service] [           main] .s.d.r.c.RepositoryConfigurationDelegate : Finished Spring Data repository scanning in 170 ms. Found 2 MongoDB repository interfaces.
2023-12-29T12:12:29.696+01:00  INFO 13939 --- [restaurant-service] [           main] o.s.cloud.context.scope.GenericScope     : BeanFactory id=196f9d46-1ee7-3934-81c6-72a068c415b9
2023-12-29T12:12:29.834+01:00  WARN 13939 --- [restaurant-service] [           main] trationDelegate$BeanPostProcessorChecker : Bean 'org.springframework.cloud.client.loadbalancer.LoadBalancerAutoConfiguration$RetryInterceptorAutoConfiguration' of type [org.springframework.cloud.client.loadbalancer.LoadBalancerAutoConfiguration$RetryInterceptorAutoConfiguration] is not eligible for getting processed by all BeanPostProcessors (for example: not eligible for auto-proxying). The currently created BeanPostProcessor [lbRestClientPostProcessor] is declared through a non-static factory method on that class; consider declaring it as static instead.
2023-12-29T12:12:29.837+01:00  WARN 13939 --- [restaurant-service] [           main] trationDelegate$BeanPostProcessorChecker : Bean 'org.springframework.cloud.loadbalancer.config.BlockingLoadBalancerClientAutoConfiguration' of type [org.springframework.cloud.loadbalancer.config.BlockingLoadBalancerClientAutoConfiguration] is not eligible for getting processed by all BeanPostProcessors (for example: not eligible for auto-proxying). Is this bean getting eagerly injected into a currently created BeanPostProcessor [lbRestClientPostProcessor]? Check the corresponding BeanPostProcessor declaration and its dependencies.
2023-12-29T12:12:29.838+01:00  WARN 13939 --- [restaurant-service] [           main] trationDelegate$BeanPostProcessorChecker : Bean 'org.springframework.cloud.loadbalancer.config.LoadBalancerAutoConfiguration' of type [org.springframework.cloud.loadbalancer.config.LoadBalancerAutoConfiguration] is not eligible for getting processed by all BeanPostProcessors (for example: not eligible for auto-proxying). Is this bean getting eagerly injected into a currently created BeanPostProcessor [lbRestClientPostProcessor]? Check the corresponding BeanPostProcessor declaration and its dependencies.
2023-12-29T12:12:29.843+01:00  WARN 13939 --- [restaurant-service] [           main] trationDelegate$BeanPostProcessorChecker : Bean 'org.springframework.cloud.commons.config.CommonsConfigAutoConfiguration' of type [org.springframework.cloud.commons.config.CommonsConfigAutoConfiguration] is not eligible for getting processed by all BeanPostProcessors (for example: not eligible for auto-proxying). Is this bean getting eagerly injected into a currently created BeanPostProcessor [lbRestClientPostProcessor]? Check the corresponding BeanPostProcessor declaration and its dependencies.
2023-12-29T12:12:29.844+01:00  WARN 13939 --- [restaurant-service] [           main] trationDelegate$BeanPostProcessorChecker : Bean 'org.springframework.cloud.client.loadbalancer.LoadBalancerDefaultMappingsProviderAutoConfiguration' of type [org.springframework.cloud.client.loadbalancer.LoadBalancerDefaultMappingsProviderAutoConfiguration] is not eligible for getting processed by all BeanPostProcessors (for example: not eligible for auto-proxying). Is this bean getting eagerly injected into a currently created BeanPostProcessor [lbRestClientPostProcessor]? Check the corresponding BeanPostProcessor declaration and its dependencies.
2023-12-29T12:12:29.845+01:00  WARN 13939 --- [restaurant-service] [           main] trationDelegate$BeanPostProcessorChecker : Bean 'loadBalancerClientsDefaultsMappingsProvider' of type [org.springframework.cloud.client.loadbalancer.LoadBalancerDefaultMappingsProviderAutoConfiguration$$Lambda/0x00000001276d3208] is not eligible for getting processed by all BeanPostProcessors (for example: not eligible for auto-proxying). Is this bean getting eagerly injected into a currently created BeanPostProcessor [lbRestClientPostProcessor]? Check the corresponding BeanPostProcessor declaration and its dependencies.
2023-12-29T12:12:29.846+01:00  WARN 13939 --- [restaurant-service] [           main] trationDelegate$BeanPostProcessorChecker : Bean 'defaultsBindHandlerAdvisor' of type [org.springframework.cloud.commons.config.DefaultsBindHandlerAdvisor] is not eligible for getting processed by all BeanPostProcessors (for example: not eligible for auto-proxying). Is this bean getting eagerly injected into a currently created BeanPostProcessor [lbRestClientPostProcessor]? Check the corresponding BeanPostProcessor declaration and its dependencies.
2023-12-29T12:12:29.853+01:00  WARN 13939 --- [restaurant-service] [           main] trationDelegate$BeanPostProcessorChecker : Bean 'spring.cloud.loadbalancer-org.springframework.cloud.client.loadbalancer.LoadBalancerClientsProperties' of type [org.springframework.cloud.client.loadbalancer.LoadBalancerClientsProperties] is not eligible for getting processed by all BeanPostProcessors (for example: not eligible for auto-proxying). Is this bean getting eagerly injected into a currently created BeanPostProcessor [lbRestClientPostProcessor]? Check the corresponding BeanPostProcessor declaration and its dependencies.
2023-12-29T12:12:29.858+01:00  WARN 13939 --- [restaurant-service] [           main] trationDelegate$BeanPostProcessorChecker : Bean 'default.org.springframework.cloud.loadbalancer.config.LoadBalancerAutoConfiguration.LoadBalancerClientSpecification' of type [org.springframework.cloud.loadbalancer.annotation.LoadBalancerClientSpecification] is not eligible for getting processed by all BeanPostProcessors (for example: not eligible for auto-proxying). Is this bean getting eagerly injected into a currently created BeanPostProcessor [lbRestClientPostProcessor]? Check the corresponding BeanPostProcessor declaration and its dependencies.
2023-12-29T12:12:29.858+01:00  WARN 13939 --- [restaurant-service] [           main] trationDelegate$BeanPostProcessorChecker : Bean 'default.org.springframework.cloud.loadbalancer.config.BlockingLoadBalancerClientAutoConfiguration.LoadBalancerClientSpecification' of type [org.springframework.cloud.loadbalancer.annotation.LoadBalancerClientSpecification] is not eligible for getting processed by all BeanPostProcessors (for example: not eligible for auto-proxying). Is this bean getting eagerly injected into a currently created BeanPostProcessor [lbRestClientPostProcessor]? Check the corresponding BeanPostProcessor declaration and its dependencies.
2023-12-29T12:12:29.859+01:00  WARN 13939 --- [restaurant-service] [           main] trationDelegate$BeanPostProcessorChecker : Bean 'default.org.springframework.cloud.netflix.eureka.loadbalancer.LoadBalancerEurekaAutoConfiguration.LoadBalancerClientSpecification' of type [org.springframework.cloud.loadbalancer.annotation.LoadBalancerClientSpecification] is not eligible for getting processed by all BeanPostProcessors (for example: not eligible for auto-proxying). Is this bean getting eagerly injected into a currently created BeanPostProcessor [lbRestClientPostProcessor]? Check the corresponding BeanPostProcessor declaration and its dependencies.
2023-12-29T12:12:29.860+01:00  WARN 13939 --- [restaurant-service] [           main] trationDelegate$BeanPostProcessorChecker : Bean 'loadBalancerClientFactory' of type [org.springframework.cloud.loadbalancer.support.LoadBalancerClientFactory] is not eligible for getting processed by all BeanPostProcessors (for example: not eligible for auto-proxying). Is this bean getting eagerly injected into a currently created BeanPostProcessor [lbRestClientPostProcessor]? Check the corresponding BeanPostProcessor declaration and its dependencies.
2023-12-29T12:12:29.863+01:00  WARN 13939 --- [restaurant-service] [           main] trationDelegate$BeanPostProcessorChecker : Bean 'blockingLoadBalancerClient' of type [org.springframework.cloud.loadbalancer.blocking.client.BlockingLoadBalancerClient] is not eligible for getting processed by all BeanPostProcessors (for example: not eligible for auto-proxying). Is this bean getting eagerly injected into a currently created BeanPostProcessor [lbRestClientPostProcessor]? Check the corresponding BeanPostProcessor declaration and its dependencies.
2023-12-29T12:12:29.868+01:00  WARN 13939 --- [restaurant-service] [           main] trationDelegate$BeanPostProcessorChecker : Bean 'loadBalancerServiceInstanceCookieTransformer' of type [org.springframework.cloud.loadbalancer.core.LoadBalancerServiceInstanceCookieTransformer] is not eligible for getting processed by all BeanPostProcessors (for example: not eligible for auto-proxying). Is this bean getting eagerly injected into a currently created BeanPostProcessor [lbRestClientPostProcessor]? Check the corresponding BeanPostProcessor declaration and its dependencies.
2023-12-29T12:12:29.870+01:00  WARN 13939 --- [restaurant-service] [           main] trationDelegate$BeanPostProcessorChecker : Bean 'xForwarderHeadersTransformer' of type [org.springframework.cloud.loadbalancer.blocking.XForwardedHeadersTransformer] is not eligible for getting processed by all BeanPostProcessors (for example: not eligible for auto-proxying). Is this bean getting eagerly injected into a currently created BeanPostProcessor [lbRestClientPostProcessor]? Check the corresponding BeanPostProcessor declaration and its dependencies.
2023-12-29T12:12:29.870+01:00  WARN 13939 --- [restaurant-service] [           main] trationDelegate$BeanPostProcessorChecker : Bean 'org.springframework.cloud.client.loadbalancer.LoadBalancerAutoConfiguration' of type [org.springframework.cloud.client.loadbalancer.LoadBalancerAutoConfiguration] is not eligible for getting processed by all BeanPostProcessors (for example: not eligible for auto-proxying). Is this bean getting eagerly injected into a currently created BeanPostProcessor [lbRestClientPostProcessor]? Check the corresponding BeanPostProcessor declaration and its dependencies.
2023-12-29T12:12:29.872+01:00  WARN 13939 --- [restaurant-service] [           main] trationDelegate$BeanPostProcessorChecker : Bean 'loadBalancerRequestFactory' of type [org.springframework.cloud.client.loadbalancer.LoadBalancerRequestFactory] is not eligible for getting processed by all BeanPostProcessors (for example: not eligible for auto-proxying). Is this bean getting eagerly injected into a currently created BeanPostProcessor [lbRestClientPostProcessor]? Check the corresponding BeanPostProcessor declaration and its dependencies.
2023-12-29T12:12:29.874+01:00  WARN 13939 --- [restaurant-service] [           main] trationDelegate$BeanPostProcessorChecker : Bean 'org.springframework.cloud.loadbalancer.config.BlockingLoadBalancerClientAutoConfiguration$BlockingLoadBalancerRetryConfig' of type [org.springframework.cloud.loadbalancer.config.BlockingLoadBalancerClientAutoConfiguration$BlockingLoadBalancerRetryConfig$$SpringCGLIB$$0] is not eligible for getting processed by all BeanPostProcessors (for example: not eligible for auto-proxying). Is this bean getting eagerly injected into a currently created BeanPostProcessor [lbRestClientPostProcessor]? Check the corresponding BeanPostProcessor declaration and its dependencies.
2023-12-29T12:12:29.877+01:00  WARN 13939 --- [restaurant-service] [           main] trationDelegate$BeanPostProcessorChecker : Bean 'loadBalancedRetryFactory' of type [org.springframework.cloud.loadbalancer.blocking.retry.BlockingLoadBalancedRetryFactory] is not eligible for getting processed by all BeanPostProcessors (for example: not eligible for auto-proxying). Is this bean getting eagerly injected into a currently created BeanPostProcessor [lbRestClientPostProcessor]? Check the corresponding BeanPostProcessor declaration and its dependencies.
2023-12-29T12:12:29.881+01:00  WARN 13939 --- [restaurant-service] [           main] trationDelegate$BeanPostProcessorChecker : Bean 'loadBalancerInterceptor' of type [org.springframework.cloud.client.loadbalancer.RetryLoadBalancerInterceptor] is not eligible for getting processed by all BeanPostProcessors (for example: not eligible for auto-proxying). Is this bean getting eagerly injected into a currently created BeanPostProcessor [lbRestClientPostProcessor]? Check the corresponding BeanPostProcessor declaration and its dependencies.
2023-12-29T12:12:29.883+01:00  WARN 13939 --- [restaurant-service] [           main] trationDelegate$BeanPostProcessorChecker : Bean 'org.springframework.cloud.client.loadbalancer.reactive.LoadBalancerBeanPostProcessorAutoConfiguration' of type [org.springframework.cloud.client.loadbalancer.reactive.LoadBalancerBeanPostProcessorAutoConfiguration] is not eligible for getting processed by all BeanPostProcessors (for example: not eligible for auto-proxying). The currently created BeanPostProcessor [loadBalancerWebClientBuilderBeanPostProcessor] is declared through a non-static factory method on that class; consider declaring it as static instead.
2023-12-29T12:12:29.884+01:00  WARN 13939 --- [restaurant-service] [           main] trationDelegate$BeanPostProcessorChecker : Bean 'org.springframework.cloud.client.loadbalancer.reactive.LoadBalancerBeanPostProcessorAutoConfiguration$ReactorDeferringLoadBalancerFilterConfig' of type [org.springframework.cloud.client.loadbalancer.reactive.LoadBalancerBeanPostProcessorAutoConfiguration$ReactorDeferringLoadBalancerFilterConfig] is not eligible for getting processed by all BeanPostProcessors (for example: not eligible for auto-proxying). Is this bean getting eagerly injected into a currently created BeanPostProcessor [loadBalancerWebClientBuilderBeanPostProcessor]? Check the corresponding BeanPostProcessor declaration and its dependencies.
2023-12-29T12:12:29.886+01:00  WARN 13939 --- [restaurant-service] [           main] trationDelegate$BeanPostProcessorChecker : Bean 'reactorDeferringLoadBalancerExchangeFilterFunction' of type [org.springframework.cloud.client.loadbalancer.reactive.DeferringLoadBalancerExchangeFilterFunction] is not eligible for getting processed by all BeanPostProcessors (for example: not eligible for auto-proxying). Is this bean getting eagerly injected into a currently created BeanPostProcessor [loadBalancerWebClientBuilderBeanPostProcessor]? Check the corresponding BeanPostProcessor declaration and its dependencies.
2023-12-29T12:12:30.458+01:00  INFO 13939 --- [restaurant-service] [           main] org.mongodb.driver.client                : MongoClient with metadata {"driver": {"name": "mongo-java-driver|sync|spring-boot", "version": "4.11.1"}, "os": {"type": "Darwin", "name": "Mac OS X", "architecture": "x86_64", "version": "14.1"}, "platform": "Java/Oracle Corporation/21.0.1+12-29"} created with settings MongoClientSettings{readPreference=primary, writeConcern=WriteConcern{w=null, wTimeout=null ms, journal=null}, retryWrites=true, retryReads=true, readConcern=ReadConcern{level=null}, credential=null, transportSettings=null, streamFactoryFactory=null, commandListeners=[io.micrometer.core.instrument.binder.mongodb.MongoMetricsCommandListener@6b103db7], codecRegistry=ProvidersCodecRegistry{codecProviders=[ValueCodecProvider{}, BsonValueCodecProvider{}, DBRefCodecProvider{}, DBObjectCodecProvider{}, DocumentCodecProvider{}, CollectionCodecProvider{}, IterableCodecProvider{}, MapCodecProvider{}, GeoJsonCodecProvider{}, GridFSFileCodecProvider{}, Jsr310CodecProvider{}, JsonObjectCodecProvider{}, BsonCodecProvider{}, EnumCodecProvider{}, com.mongodb.client.model.mql.ExpressionCodecProvider@b3042ed, com.mongodb.Jep395RecordCodecProvider@1f12d5e0, com.mongodb.KotlinCodecProvider@6604f246]}, loggerSettings=LoggerSettings{maxDocumentLength=1000}, clusterSettings={hosts=[localhost:53056], srvServiceName=mongodb, mode=SINGLE, requiredClusterType=UNKNOWN, requiredReplicaSetName='null', serverSelector='null', clusterListeners='[]', serverSelectionTimeout='30000 ms', localThreshold='15 ms'}, socketSettings=SocketSettings{connectTimeoutMS=10000, readTimeoutMS=0, receiveBufferSize=0, proxySettings=ProxySettings{host=null, port=null, username=null, password=null}}, heartbeatSocketSettings=SocketSettings{connectTimeoutMS=10000, readTimeoutMS=10000, receiveBufferSize=0, proxySettings=ProxySettings{host=null, port=null, username=null, password=null}}, connectionPoolSettings=ConnectionPoolSettings{maxSize=100, minSize=0, maxWaitTimeMS=120000, maxConnectionLifeTimeMS=0, maxConnectionIdleTimeMS=0, maintenanceInitialDelayMS=0, maintenanceFrequencyMS=60000, connectionPoolListeners=[io.micrometer.core.instrument.binder.mongodb.MongoMetricsConnectionPoolListener@c1386b4], maxConnecting=2}, serverSettings=ServerSettings{heartbeatFrequencyMS=10000, minHeartbeatFrequencyMS=500, serverListeners='[]', serverMonitorListeners='[]'}, sslSettings=SslSettings{enabled=false, invalidHostNameAllowed=false, context=null}, applicationName='null', compressorList=[], uuidRepresentation=JAVA_LEGACY, serverApi=null, autoEncryptionSettings=null, dnsClient=null, inetAddressResolver=null, contextProvider=null}
2023-12-29T12:12:30.491+01:00  INFO 13939 --- [restaurant-service] [localhost:53056] org.mongodb.driver.cluster               : Monitor thread successfully connected to server with description ServerDescription{address=localhost:53056, type=REPLICA_SET_PRIMARY, state=CONNECTED, ok=true, minWireVersion=0, maxWireVersion=21, maxDocumentSize=16777216, logicalSessionTimeoutMinutes=30, roundTripTimeNanos=33924825, setName='docker-rs', canonicalAddress=8d676cd2669f:27017, hosts=[8d676cd2669f:27017], passives=[], arbiters=[], primary='8d676cd2669f:27017', tagSet=TagSet{[]}, electionId=7fffffff0000000000000001, setVersion=1, topologyVersion=TopologyVersion{processId=658ea9959f099d2c18700050, counter=6}, lastWriteDate=Fri Dec 29 12:12:26 CET 2023, lastUpdateTimeNanos=25492021032476}
2023-12-29T12:12:33.388+01:00  INFO 13939 --- [restaurant-service] [           main] efaultSchemaResourceGraphQlSourceBuilder : Loaded 1 resource(s) in the GraphQL schema.
2023-12-29T12:12:33.631+01:00  INFO 13939 --- [restaurant-service] [           main] o.s.b.a.g.GraphQlAutoConfiguration       : GraphQL schema inspection:
	Unmapped fields: {}
	Unmapped registrations: {Query.restaurantById=GraphController#restaurantById[1 args]}
	Skipped types: []
2023-12-29T12:12:33.650+01:00  INFO 13939 --- [restaurant-service] [           main] s.b.a.g.s.GraphQlWebMvcAutoConfiguration : GraphQL endpoint HTTP POST /graphql
2023-12-29T12:12:34.309+01:00  INFO 13939 --- [restaurant-service] [           main] o.s.b.t.m.w.SpringBootMockServletContext : Initializing Spring TestDispatcherServlet ''
2023-12-29T12:12:34.309+01:00  INFO 13939 --- [restaurant-service] [           main] o.s.t.web.servlet.TestDispatcherServlet  : Initializing Servlet ''
2023-12-29T12:12:34.321+01:00  INFO 13939 --- [restaurant-service] [           main] o.s.b.a.e.web.EndpointLinksResolver      : Exposing 1 endpoint(s) beneath base path '/actuator'
2023-12-29T12:12:34.333+01:00  INFO 13939 --- [restaurant-service] [           main] o.s.t.web.servlet.TestDispatcherServlet  : Completed initialization in 22 ms
2023-12-29T12:12:34.384+01:00  INFO 13939 --- [restaurant-service] [           main] DiscoveryClientOptionalArgsConfiguration : Eureka HTTP Client uses RestTemplate.
2023-12-29T12:12:34.422+01:00  WARN 13939 --- [restaurant-service] [           main] iguration$LoadBalancerCaffeineWarnLogger : Spring Cloud LoadBalancer is currently working with the default cache. While this cache implementation is useful for development and tests, it's recommended to use Caffeine cache in production.You can switch to using Caffeine cache, by adding it and org.springframework.cache.caffeine.CaffeineCacheManager to the classpath.
2023-12-29T12:12:34.541+01:00  INFO 13939 --- [restaurant-service] [           main] o.s.c.n.eureka.InstanceInfoFactory       : Setting initial instance status as: STARTING
2023-12-29T12:12:34.729+01:00  INFO 13939 --- [restaurant-service] [           main] com.netflix.discovery.DiscoveryClient    : Initializing Eureka in region us-east-1
2023-12-29T12:12:34.737+01:00  INFO 13939 --- [restaurant-service] [           main] c.n.d.s.r.aws.ConfigClusterResolver      : Resolving eureka endpoints via configuration
2023-12-29T12:12:34.771+01:00  INFO 13939 --- [restaurant-service] [           main] com.netflix.discovery.DiscoveryClient    : Disable delta property : false
2023-12-29T12:12:34.771+01:00  INFO 13939 --- [restaurant-service] [           main] com.netflix.discovery.DiscoveryClient    : Single vip registry refresh property : null
2023-12-29T12:12:34.771+01:00  INFO 13939 --- [restaurant-service] [           main] com.netflix.discovery.DiscoveryClient    : Force full registry fetch : false
2023-12-29T12:12:34.771+01:00  INFO 13939 --- [restaurant-service] [           main] com.netflix.discovery.DiscoveryClient    : Application is null : false
2023-12-29T12:12:34.771+01:00  INFO 13939 --- [restaurant-service] [           main] com.netflix.discovery.DiscoveryClient    : Registered Applications size is zero : true
2023-12-29T12:12:34.772+01:00  INFO 13939 --- [restaurant-service] [           main] com.netflix.discovery.DiscoveryClient    : Application version is -1: true
2023-12-29T12:12:34.772+01:00  INFO 13939 --- [restaurant-service] [           main] com.netflix.discovery.DiscoveryClient    : Getting all instance registry info from the eureka server
2023-12-29T12:12:35.273+01:00  INFO 13939 --- [restaurant-service] [           main] com.netflix.discovery.DiscoveryClient    : The response status is 200
2023-12-29T12:12:35.277+01:00  INFO 13939 --- [restaurant-service] [           main] com.netflix.discovery.DiscoveryClient    : Starting heartbeat executor: renew interval is: 30
2023-12-29T12:12:35.280+01:00  INFO 13939 --- [restaurant-service] [           main] c.n.discovery.InstanceInfoReplicator     : InstanceInfoReplicator onDemand update allowed rate per min is 4
2023-12-29T12:12:35.287+01:00  INFO 13939 --- [restaurant-service] [           main] com.netflix.discovery.DiscoveryClient    : Discovery Client initialized at timestamp 1703848355286 with initial instances count: 4
2023-12-29T12:12:35.291+01:00  INFO 13939 --- [restaurant-service] [           main] o.s.c.n.e.s.EurekaServiceRegistry        : Registering application RESTAURANT-SERVICE with eureka with status UP
2023-12-29T12:12:35.291+01:00  INFO 13939 --- [restaurant-service] [           main] com.netflix.discovery.DiscoveryClient    : Saw local status change event StatusChangeEvent [timestamp=1703848355291, current=UP, previous=STARTING]
2023-12-29T12:12:35.293+01:00  INFO 13939 --- [restaurant-service] [nfoReplicator-0] com.netflix.discovery.DiscoveryClient    : DiscoveryClient_RESTAURANT-SERVICE/markuss-mbp.home:restaurant-service: registering service...
2023-12-29T12:12:35.298+01:00  INFO 13939 --- [restaurant-service] [           main] o.s.a.r.c.CachingConnectionFactory       : Attempting to connect to: [rabbitmq:5672]
2023-12-29T12:12:35.411+01:00  INFO 13939 --- [restaurant-service] [           main] o.s.a.r.l.SimpleMessageListenerContainer : Broker not available; cannot force queue declarations during start: java.net.UnknownHostException: rabbitmq: nodename nor servname provided, or not known
2023-12-29T12:12:35.416+01:00  INFO 13939 --- [restaurant-service] [nfoReplicator-0] com.netflix.discovery.DiscoveryClient    : DiscoveryClient_RESTAURANT-SERVICE/markuss-mbp.home:restaurant-service - registration status: 204
2023-12-29T12:12:35.422+01:00  INFO 13939 --- [restaurant-service] [ntContainer#0-1] o.s.a.r.c.CachingConnectionFactory       : Attempting to connect to: [rabbitmq:5672]
2023-12-29T12:12:35.423+01:00 ERROR 13939 --- [restaurant-service] [ntContainer#0-1] o.s.a.r.l.SimpleMessageListenerContainer : Failed to check/redeclare auto-delete queue(s).

org.springframework.amqp.AmqpIOException: java.net.UnknownHostException: rabbitmq
	at org.springframework.amqp.rabbit.support.RabbitExceptionTranslator.convertRabbitAccessException(RabbitExceptionTranslator.java:70) ~[spring-rabbit-3.1.0.jar:3.1.0]
	at org.springframework.amqp.rabbit.connection.AbstractConnectionFactory.createBareConnection(AbstractConnectionFactory.java:594) ~[spring-rabbit-3.1.0.jar:3.1.0]
	at org.springframework.amqp.rabbit.connection.CachingConnectionFactory.createConnection(CachingConnectionFactory.java:711) ~[spring-rabbit-3.1.0.jar:3.1.0]
	at org.springframework.amqp.rabbit.connection.ConnectionFactoryUtils.createConnection(ConnectionFactoryUtils.java:257) ~[spring-rabbit-3.1.0.jar:3.1.0]
	at org.springframework.amqp.rabbit.core.RabbitTemplate.doExecute(RabbitTemplate.java:2225) ~[spring-rabbit-3.1.0.jar:3.1.0]
	at org.springframework.amqp.rabbit.core.RabbitTemplate.execute(RabbitTemplate.java:2198) ~[spring-rabbit-3.1.0.jar:3.1.0]
	at org.springframework.amqp.rabbit.core.RabbitTemplate.execute(RabbitTemplate.java:2178) ~[spring-rabbit-3.1.0.jar:3.1.0]
	at org.springframework.amqp.rabbit.core.RabbitAdmin.getQueueInfo(RabbitAdmin.java:465) ~[spring-rabbit-3.1.0.jar:3.1.0]
	at org.springframework.amqp.rabbit.core.RabbitAdmin.getQueueProperties(RabbitAdmin.java:449) ~[spring-rabbit-3.1.0.jar:3.1.0]
	at org.springframework.amqp.rabbit.listener.AbstractMessageListenerContainer.attemptDeclarations(AbstractMessageListenerContainer.java:1936) ~[spring-rabbit-3.1.0.jar:3.1.0]
	at org.springframework.amqp.rabbit.listener.AbstractMessageListenerContainer.redeclareElementsIfNecessary(AbstractMessageListenerContainer.java:1904) ~[spring-rabbit-3.1.0.jar:3.1.0]
	at org.springframework.amqp.rabbit.listener.SimpleMessageListenerContainer$AsyncMessageProcessingConsumer.initialize(SimpleMessageListenerContainer.java:1383) ~[spring-rabbit-3.1.0.jar:3.1.0]
	at org.springframework.amqp.rabbit.listener.SimpleMessageListenerContainer$AsyncMessageProcessingConsumer.run(SimpleMessageListenerContainer.java:1225) ~[spring-rabbit-3.1.0.jar:3.1.0]
	at java.base/java.lang.Thread.run(Thread.java:1583) ~[na:na]
Caused by: java.net.UnknownHostException: rabbitmq
	at java.base/java.net.InetAddress$CachedLookup.get(InetAddress.java:988) ~[na:na]
	at java.base/java.net.InetAddress.getAllByName0(InetAddress.java:1818) ~[na:na]
	at java.base/java.net.InetAddress.getAllByName(InetAddress.java:1688) ~[na:na]
	at com.rabbitmq.client.DnsRecordIpAddressResolver.resolveIpAddresses(DnsRecordIpAddressResolver.java:83) ~[amqp-client-5.19.0.jar:5.19.0]
	at com.rabbitmq.client.DnsRecordIpAddressResolver.getAddresses(DnsRecordIpAddressResolver.java:73) ~[amqp-client-5.19.0.jar:5.19.0]
	at com.rabbitmq.client.ConnectionFactory.newConnection(ConnectionFactory.java:1245) ~[amqp-client-5.19.0.jar:5.19.0]
	at com.rabbitmq.client.ConnectionFactory.newConnection(ConnectionFactory.java:1198) ~[amqp-client-5.19.0.jar:5.19.0]
	at org.springframework.amqp.rabbit.connection.AbstractConnectionFactory.connectAddresses(AbstractConnectionFactory.java:632) ~[spring-rabbit-3.1.0.jar:3.1.0]
	at org.springframework.amqp.rabbit.connection.AbstractConnectionFactory.connect(AbstractConnectionFactory.java:607) ~[spring-rabbit-3.1.0.jar:3.1.0]
	at org.springframework.amqp.rabbit.connection.AbstractConnectionFactory.createBareConnection(AbstractConnectionFactory.java:557) ~[spring-rabbit-3.1.0.jar:3.1.0]
	... 12 common frames omitted

2023-12-29T12:12:35.432+01:00  INFO 13939 --- [restaurant-service] [ntContainer#0-1] o.s.a.r.c.CachingConnectionFactory       : Attempting to connect to: [rabbitmq:5672]
2023-12-29T12:12:35.454+01:00  INFO 13939 --- [restaurant-service] [           main] .m.e.r.RestaurantServiceApplicationTests : Started RestaurantServiceApplicationTests in 8.324 seconds (process running for 27.721)
2023-12-29T12:12:37.281+01:00  INFO 13939 --- [restaurant-service] [           main] c.m.e.r.service.MenuItemService          : Creating menu item for restaurant with ID: 6554c6178dc83b51ed4e7414
2023-12-29T12:12:37.370+01:00  INFO 13939 --- [restaurant-service] [           main] c.m.e.r.service.MenuItemService          : Menu item 658ea9a5dc9a89440a0345cd is saved
]]></system-out>
    <system-err><![CDATA[WARNING: A Java agent has been loaded dynamically (/Users/markusagnsgaard/.m2/repository/net/bytebuddy/byte-buddy-agent/1.14.10/byte-buddy-agent-1.14.10.jar)
WARNING: If a serviceability tool is in use, please run with -XX:+EnableDynamicAgentLoading to hide this warning
WARNING: If a serviceability tool is not in use, please run with -Djdk.instrument.traceUsage for more information
WARNING: Dynamic loading of agents will be disallowed by default in a future release
]]></system-err>
  </testcase>
  <testcase name="test_instantiation_with_all_fields_populated" classname="com.mtgo.exam.restaurantservice.RestaurantServiceApplicationTests" time="0.016"/>
  <testcase name="test_successful_csv_read_and_create_restaurants" classname="com.mtgo.exam.restaurantservice.RestaurantServiceApplicationTests" time="0.113">
    <system-out><![CDATA[2023-12-29T12:12:37.464+01:00  INFO 13939 --- [restaurant-service] [           main] c.m.e.r.service.RestaurantService        : Restaurant 658ea9a5dc9a89440a0345ce is saved
2023-12-29T12:12:37.471+01:00  INFO 13939 --- [restaurant-service] [           main] c.m.e.r.service.RestaurantService        : Restaurant 658ea9a5dc9a89440a0345cf is saved
2023-12-29T12:12:37.479+01:00  INFO 13939 --- [restaurant-service] [           main] c.m.e.r.service.RestaurantService        : Restaurant 658ea9a5dc9a89440a0345d0 is saved
2023-12-29T12:12:37.489+01:00  INFO 13939 --- [restaurant-service] [           main] c.m.e.r.service.RestaurantService        : Restaurant 658ea9a5dc9a89440a0345d1 is saved
2023-12-29T12:12:37.496+01:00  INFO 13939 --- [restaurant-service] [           main] c.m.e.r.service.RestaurantService        : Restaurant 658ea9a5dc9a89440a0345d2 is saved
2023-12-29T12:12:37.503+01:00  INFO 13939 --- [restaurant-service] [           main] c.m.e.r.service.RestaurantService        : Restaurant 658ea9a5dc9a89440a0345d3 is saved
2023-12-29T12:12:37.509+01:00  INFO 13939 --- [restaurant-service] [           main] c.m.e.r.service.RestaurantService        : Restaurant 658ea9a5dc9a89440a0345d4 is saved
2023-12-29T12:12:37.524+01:00  INFO 13939 --- [restaurant-service] [           main] c.m.e.r.service.RestaurantService        : Restaurant 658ea9a5dc9a89440a0345d5 is saved
2023-12-29T12:12:37.532+01:00  INFO 13939 --- [restaurant-service] [           main] c.m.e.r.service.RestaurantService        : Restaurant 658ea9a5dc9a89440a0345d6 is saved
2023-12-29T12:12:37.540+01:00  INFO 13939 --- [restaurant-service] [           main] c.m.e.r.service.RestaurantService        : Restaurant 658ea9a5dc9a89440a0345d7 is saved
2023-12-29T12:12:37.541+01:00  INFO 13939 --- [restaurant-service] [           main] c.m.e.r.service.RestaurantService        : Database populated from CSV successfully.
]]></system-out>
  </testcase>
</testsuite>